INFO: 2017-07-23 03:35:09,744: perform_upgrade() 'Last run version was 0.6.0 or earlier, current version is 0.6.0'
INFO: 2017-07-23 03:35:09,745: process_command() 'Received command: []'
INFO: 2017-07-23 03:35:09,750: load_banned() 'Missing or invalid banned URLs list, no URLs will be banned'
INFO: 2017-07-23 03:35:09,759: load() 'Jumble loading'
INFO: 2017-07-23 03:35:09,760: _walk_modules() 'Jumble loading module in __init__ from /usr/share/variety/plugins/__init__.py'
INFO: 2017-07-23 03:35:09,760: _walk_modules() 'Jumble loading module in QuotationsPageSource from /usr/share/variety/plugins/quotes/QuotationsPageSource.py'
INFO: 2017-07-23 03:35:09,771: load() 'Jumble found plugin class: <class 'QuotationsPageSource.QuotationsPageSource'>: {'author': 'Peter Levi', 'name': 'TheQuotationsPage.com', 'version': '0.1', 'description': u'Fetches quotes from TheQuotationsPage.com'}'
INFO: 2017-07-23 03:35:09,771: _walk_modules() 'Jumble loading module in QuotesDaddySource from /usr/share/variety/plugins/quotes/QuotesDaddySource.py'
INFO: 2017-07-23 03:35:09,772: load() 'Jumble found plugin class: <class 'QuotesDaddySource.QuotesDaddySource'>: {'author': 'Peter Levi', 'name': 'QuotesDaddy', 'version': '0.1', 'description': u"Fetches quotes from QuotesDaddy's daily quotes RSS feed.\nDoes not support searching by tags or authors."}'
INFO: 2017-07-23 03:35:09,772: _walk_modules() 'Jumble loading module in __init__ from /usr/share/variety/plugins/quotes/__init__.py'
INFO: 2017-07-23 03:35:09,773: _walk_modules() 'Jumble loading module in GoodreadsSource from /usr/share/variety/plugins/quotes/GoodreadsSource.py'
INFO: 2017-07-23 03:35:09,773: load() 'Jumble found plugin class: <class 'GoodreadsSource.GoodreadsSource'>: {'author': 'Peter Levi', 'name': 'Goodreads', 'version': '0.1', 'description': u'Fetches quotes from Goodreads.com'}'
INFO: 2017-07-23 03:35:09,774: _walk_modules() 'Jumble loading module in LocalFilesSource from /usr/share/variety/plugins/quotes/LocalFilesSource.py'
INFO: 2017-07-23 03:35:09,774: load() 'Jumble found plugin class: <class 'LocalFilesSource.LocalFilesSource'>: {'author': 'Peter Levi', 'name': 'Local text files', 'version': '0.1', 'description': u'Displays quotes, defined in local text files.\nPut your own txt files in: ~/.config/variety/pluginconfig/quotes/.\nThe file format is:\n\nquote -- author\n.\nsecond quote -- another author\n.\netc...\n\nExample: http://rvelthuis.de/zips/quotes.txt'}'
INFO: 2017-07-23 03:35:09,780: reload_config() 'Creating new downloader for type 6, location Random wallpapers from Desktoppr.co'
INFO: 2017-07-23 03:35:09,780: reload_config() 'Creating new downloader for type 15, location Bing Photo of the Day'
INFO: 2017-07-23 03:35:09,780: reload_config() 'Creating new downloader for type 16, location High-resolution photos from Unsplash.com'
INFO: 2017-07-23 03:35:09,780: reload_config() 'Creating new downloader for type 8, location NASA's Astronomy Picture of the Day'
INFO: 2017-07-23 03:35:09,781: reload_config() 'Creating new downloader for type 14, location https://www.reddit.com/r/MinimalWallpaper/top/?sort=top&t=year'
INFO: 2017-07-23 03:35:09,781: reload_config() 'Creating new downloader for type 10, location https://vrty.org/user/~peterlevi/rss'
INFO: 2017-07-23 03:35:09,781: reload_config() 'Creating new downloader for type 7, location user:www.flickr.com/photos/peter-levi/;user_id:93647178@N00;'
INFO: 2017-07-23 03:35:09,781: reload_config() 'Creating new downloader for type 7, location text:colorful;user:www.flickr.com/photos/pinksherbet/;user_id:40645538@N00;'
INFO: 2017-07-23 03:35:09,781: reload_config() 'Creating new downloader for type 7, location user:www.flickr.com/photos/isayx3/;user_id:52821721@N00;'
INFO: 2017-07-23 03:35:09,781: reload_config() 'Creating new downloader for type 5, location http://www.wallpapers.net/nature-hd-wallpapers78'
INFO: 2017-07-23 03:35:09,781: reload_config() 'Creating new downloader for type 13, location autumn'
INFO: 2017-07-23 03:35:09,782: reload_config() 'Creating new downloader for type 13, location nature'
INFO: 2017-07-23 03:35:09,782: reload_config() 'Creating new downloader for type 13, location macro'
INFO: 2017-07-23 03:35:09,782: reload_config() 'Creating new downloader for type 13, location leaves'
INFO: 2017-07-23 03:35:09,782: reload_config() 'Creating new downloader for type 13, location cityscape'
INFO: 2017-07-23 03:35:09,782: reload_config() 'Creating new downloader for type 13, location tilt shift'
INFO: 2017-07-23 03:35:09,782: reload_config() 'Creating new downloader for type 13, location bokeh'
INFO: 2017-07-23 03:35:09,784: log_options() 'Loaded options:'
INFO: 2017-07-23 03:35:09,784: log_options() 'change_enabled = True'
INFO: 2017-07-23 03:35:09,784: log_options() 'change_interval = 300'
INFO: 2017-07-23 03:35:09,784: log_options() 'change_on_start = False'
INFO: 2017-07-23 03:35:09,785: log_options() 'clipboard_enabled = False'
INFO: 2017-07-23 03:35:09,785: log_options() 'clipboard_hosts = [u'wallbase.cc', u'ns223506.ovh.net', u'wallpapers.net', u'flickr.com', u'imgur.com', u'deviantart.com', u'interfacelift.com', u'vladstudio.com', u'imageshack.us']'
INFO: 2017-07-23 03:35:09,785: log_options() 'clipboard_use_whitelist = True'
INFO: 2017-07-23 03:35:09,785: log_options() 'clock_date_font = Ubuntu Condensed, 30'
INFO: 2017-07-23 03:35:09,785: log_options() 'clock_enabled = False'
INFO: 2017-07-23 03:35:09,785: log_options() 'clock_filter = -density 100 -font `fc-match -f '%{file[0]}' '%CLOCK_FONT_NAME'` -pointsize %CLOCK_FONT_SIZE -gravity SouthEast -fill '#00000044' -annotate 0x0+[%HOFFSET+58]+[%VOFFSET+108] '%H:%M' -fill white -annotate 0x0+[%HOFFSET+60]+[%VOFFSET+110] '%H:%M' -font `fc-match -f '%{file[0]}' '%DATE_FONT_NAME'` -pointsize %DATE_FONT_SIZE -fill '#00000044' -annotate 0x0+[%HOFFSET+58]+[%VOFFSET+58] '%A, %B %d' -fill white -annotate 0x0+[%HOFFSET+60]+[%VOFFSET+60] '%A, %B %d''
INFO: 2017-07-23 03:35:09,785: log_options() 'clock_font = Ubuntu Condensed, 70'
INFO: 2017-07-23 03:35:09,785: log_options() 'configfile = /home/nascarsayan/.config/variety/variety.conf'
INFO: 2017-07-23 03:35:09,785: log_options() 'copyto_enabled = False'
INFO: 2017-07-23 03:35:09,785: log_options() 'copyto_folder = Default'
INFO: 2017-07-23 03:35:09,786: log_options() 'desired_color = None'
INFO: 2017-07-23 03:35:09,786: log_options() 'desired_color_enabled = False'
INFO: 2017-07-23 03:35:09,786: log_options() 'download_enabled = True'
INFO: 2017-07-23 03:35:09,786: log_options() 'download_folder = /home/nascarsayan/.config/variety/Downloaded'
INFO: 2017-07-23 03:35:09,786: log_options() 'download_interval = 600'
INFO: 2017-07-23 03:35:09,786: log_options() 'facebook_message = '
INFO: 2017-07-23 03:35:09,786: log_options() 'facebook_show_dialog = True'
INFO: 2017-07-23 03:35:09,786: log_options() 'favorites_folder = /home/nascarsayan/.config/variety/Favorites'
INFO: 2017-07-23 03:35:09,786: log_options() 'favorites_operations = [[u'Downloaded', u'Copy'], [u'Fetched', u'Move'], [u'Others', u'Copy']]'
INFO: 2017-07-23 03:35:09,787: log_options() 'fetched_folder = /home/nascarsayan/.config/variety/Fetched'
INFO: 2017-07-23 03:35:09,787: log_options() 'filters = [[False, u'Keep original', u''], [False, u'Grayscale', u'-type Grayscale'], [False, u'Heavy blur', u'-blur 120x40'], [False, u'Soft blur', u'-blur 20x7'], [False, u'Oil painting', u'-paint 8'], [False, u'Pencil sketch', u'-colorspace gray \\( +clone -tile ~/.config/variety/pencil_tile.png -draw "color 0,0 reset" +clone +swap -compose color_dodge -composite \\) -fx \'u*.2+v*.8\''], [False, u'Pointilism', u'-spread 10 -noise 3'], [False, u'Pixellate', u'-scale 3% -scale 3333%']]'
INFO: 2017-07-23 03:35:09,787: log_options() 'icon = Light'
INFO: 2017-07-23 03:35:09,787: log_options() 'lightness_enabled = False'
INFO: 2017-07-23 03:35:09,787: log_options() 'lightness_mode = 0'
INFO: 2017-07-23 03:35:09,787: log_options() 'min_rating = 4'
INFO: 2017-07-23 03:35:09,787: log_options() 'min_rating_enabled = False'
INFO: 2017-07-23 03:35:09,787: log_options() 'min_size = 80'
INFO: 2017-07-23 03:35:09,787: log_options() 'min_size_enabled = False'
INFO: 2017-07-23 03:35:09,787: log_options() 'quota_enabled = True'
INFO: 2017-07-23 03:35:09,788: log_options() 'quota_size = 500'
INFO: 2017-07-23 03:35:09,788: log_options() 'quotes_authors = '
INFO: 2017-07-23 03:35:09,788: log_options() 'quotes_bg_color = [80, 80, 80]'
INFO: 2017-07-23 03:35:09,788: log_options() 'quotes_bg_opacity = 55'
INFO: 2017-07-23 03:35:09,788: log_options() 'quotes_change_enabled = False'
INFO: 2017-07-23 03:35:09,788: log_options() 'quotes_change_interval = 300'
INFO: 2017-07-23 03:35:09,788: log_options() 'quotes_disabled_sources = [u'QuotesDaddy']'
INFO: 2017-07-23 03:35:09,788: log_options() 'quotes_enabled = False'
INFO: 2017-07-23 03:35:09,788: log_options() 'quotes_favorites_file = /home/nascarsayan/.config/variety/favorite_quotes.txt'
INFO: 2017-07-23 03:35:09,788: log_options() 'quotes_font = Bitstream Charter 30'
INFO: 2017-07-23 03:35:09,789: log_options() 'quotes_hpos = 100'
INFO: 2017-07-23 03:35:09,789: log_options() 'quotes_tags = '
INFO: 2017-07-23 03:35:09,789: log_options() 'quotes_text_color = [255, 255, 255]'
INFO: 2017-07-23 03:35:09,789: log_options() 'quotes_text_shadow = False'
INFO: 2017-07-23 03:35:09,789: log_options() 'quotes_vpos = 40'
INFO: 2017-07-23 03:35:09,789: log_options() 'quotes_width = 70'
INFO: 2017-07-23 03:35:09,789: log_options() 'slideshow_custom_enabled = False'
INFO: 2017-07-23 03:35:09,789: log_options() 'slideshow_custom_folder = None'
INFO: 2017-07-23 03:35:09,789: log_options() 'slideshow_downloads_enabled = False'
INFO: 2017-07-23 03:35:09,789: log_options() 'slideshow_fade = 0.4'
INFO: 2017-07-23 03:35:09,790: log_options() 'slideshow_favorites_enabled = True'
INFO: 2017-07-23 03:35:09,790: log_options() 'slideshow_mode = Fullscreen'
INFO: 2017-07-23 03:35:09,790: log_options() 'slideshow_monitor = All'
INFO: 2017-07-23 03:35:09,790: log_options() 'slideshow_pan = 0.05'
INFO: 2017-07-23 03:35:09,790: log_options() 'slideshow_seconds = 6.0'
INFO: 2017-07-23 03:35:09,790: log_options() 'slideshow_sort_order = Random'
INFO: 2017-07-23 03:35:09,790: log_options() 'slideshow_sources_enabled = True'
INFO: 2017-07-23 03:35:09,790: log_options() 'slideshow_zoom = 0.2'
INFO: 2017-07-23 03:35:09,790: log_options() 'smart_enabled = False'
INFO: 2017-07-23 03:35:09,790: log_options() 'smart_notice_shown = True'
INFO: 2017-07-23 03:35:09,791: log_options() 'smart_register_shown = False'
INFO: 2017-07-23 03:35:09,791: log_options() 'sources = [[True, 3, u'The Favorites folder'], [True, 4, u'The Fetched folder'], [False, 19, u'Recommended by Variety. Adapts to your taste as you mark images as favorite or trash.'], [False, 20, u'Latest favorites by the other users of Variety. [May contain NSFW images]'], [True, 2, u'/usr/share/backgrounds'], [True, 6, u'Random wallpapers from Desktoppr.co'], [True, 15, u'Bing Photo of the Day'], [True, 16, u'High-resolution photos from Unsplash.com'], [True, 8, u"NASA's Astronomy Picture of the Day"], [False, 11, u'World Sunlight Map - live wallpaper from Die.net'], [True, 14, u'https://www.reddit.com/r/MinimalWallpaper/top/?sort=top&t=year'], [True, 10, u'https://vrty.org/user/~peterlevi/rss'], [True, 7, u'user:www.flickr.com/photos/peter-levi/;user_id:93647178@N00;'], [True, 7, u'text:colorful;user:www.flickr.com/photos/pinksherbet/;user_id:40645538@N00;'], [True, 7, u'user:www.flickr.com/photos/isayx3/;user_id:52821721@N00;'], [True, 5, u'http://www.wallpapers.net/nature-hd-wallpapers78'], [True, 13, u'autumn'], [True, 13, u'nature'], [True, 13, u'macro'], [True, 13, u'leaves'], [True, 13, u'cityscape'], [True, 13, u'tilt shift'], [True, 13, u'bokeh']]'
INFO: 2017-07-23 03:35:09,791: log_options() 'stats_enabled = True'
INFO: 2017-07-23 03:35:09,791: log_options() 'stats_notice_shown = True'
INFO: 2017-07-23 03:35:09,791: log_options() 'sync_enabled = True'
INFO: 2017-07-23 03:35:09,791: log_options() 'use_landscape_enabled = True'
INFO: 2017-07-23 03:35:09,791: reload_config() 'No need to clear prepared queue'
INFO: 2017-07-23 03:35:09,792: load_last_change_time() 'Change interval < 6 hours, ignore persisted last_change_time, wait initially the whole interval: 300'
INFO: 2017-07-23 03:35:09,792: update_indicator() 'Setting file info to: /usr/share/backgrounds/The_Land_of_Edonias_by_Γιωργος_Αργυροπουλος.jpg'
INFO: 2017-07-23 03:35:09,799: regular_change_thread() 'regular_change thread running'
INFO: 2017-07-23 03:35:09,800: prepare_thread() 'Prepare thread running'
INFO: 2017-07-23 03:35:09,800: prepare_thread() 'Prepared buffer contains 0 images'
INFO: 2017-07-23 03:35:09,800: prepare_thread() 'Preparing some images'
INFO: 2017-07-23 03:35:09,803: update_indicator_icon() 'Creating indicator'
INFO: 2017-07-23 03:35:09,893: do_set_wp() 'Calling do_set_wp with /usr/share/backgrounds/The_Land_of_Edonias_by_Γιωργος_Αργυροπουλος.jpg, time: 1500761109.89'
WARNING: 2017-07-23 03:35:09,904: create_menu() 'Variety Slideshow is not installed. Install it with "sudo apt-get install variety-slideshow", read more here: http://peterlevi.com/variety/slideshow/'
INFO: 2017-07-23 03:35:09,906: update_indicator() 'Setting file info to: /usr/share/backgrounds/The_Land_of_Edonias_by_Γιωργος_Αργυροπουλος.jpg'
INFO: 2017-07-23 03:35:09,917: prepare_thread() 'After search prepared buffer contains 15 images'
INFO: 2017-07-23 03:35:09,938: set_from_theme_icon() 'Showing indicator icon variety-indicator from GTK theme'
INFO: 2017-07-23 03:35:09,939: update_indicator() 'Setting file info to: /usr/share/backgrounds/The_Land_of_Edonias_by_Γιωργος_Αργυροπουλος.jpg'
INFO: 2017-07-23 03:35:11,345: reload() 'Reloading preferences dialog'
ERROR: 2017-07-23 03:35:11,366: get_file_icon_name() 'Exception while obtaining folder icon for None:'
Traceback (most recent call last):
  File "/usr/lib/python2.7/dist-packages/variety/Util.py", line 550, in get_file_icon_name
    query_info = f.query_info("standard::icon", Gio.FileQueryInfoFlags.NONE, None)
Error: g-io-error-quark: Error when getting information for file '/home/nascarsayan/None': No such file or directory (1)
INFO: 2017-07-23 03:35:29,818: server_options_thread() 'Fetching server options from http://tiny.cc/variety-options-051'
INFO: 2017-07-23 03:35:32,262: server_options_thread() 'Fetched server options: {u'unsplash': {u'min_fill_queue_interval': 1800, u'min_download_interval': 600}, u'wallpapers.net': {u'min_fill_queue_interval': 600, u'min_download_interval': 0}, u'wallhaven': {u'min_fill_queue_interval': 1800, u'min_download_interval': 1800}, u'wallbase': {u'min_fill_queue_interval': 1800, u'min_download_interval': 1800}, u'flickr': {u'min_fill_queue_interval': 1200, u'min_download_interval': 1200}, u'status_message': {u'*': u'', u'0.0.1': u''}}'
INFO: 2017-07-23 03:40:09,792: regular_change_thread() 'regular_change changes wallpaper'
INFO: 2017-07-23 03:40:09,792: set_wallpaper() 'Calling set_wallpaper with /usr/share/backgrounds/Icy_Grass_by_Raymond_Lavoie.jpg'
INFO: 2017-07-23 03:40:09,793: prepare_thread() 'Prepared buffer contains 14 images'
INFO: 2017-07-23 03:40:09,793: do_set_wp() 'Calling do_set_wp with /usr/share/backgrounds/Icy_Grass_by_Raymond_Lavoie.jpg, time: 1500761409.79'
INFO: 2017-07-23 03:40:09,805: update_indicator() 'Setting file info to: /usr/share/backgrounds/Icy_Grass_by_Raymond_Lavoie.jpg'
INFO: 2017-07-23 03:45:09,802: purge_downloaded() 'Refreshed download folder size: 0 mb'
INFO: 2017-07-23 03:45:09,803: parse_server_options() 'Wallhaven.cc: parsing serverside options'
INFO: 2017-07-23 03:45:09,803: parse_server_options() 'Wallhaven.cc serverside options: {u'min_fill_queue_interval': 1800, u'min_download_interval': 1800}'
INFO: 2017-07-23 03:45:09,803: download_one() 'Downloading an image from Wallhaven.cc, tilt shift'
INFO: 2017-07-23 03:45:09,803: download_one() 'Queue size: 0'
INFO: 2017-07-23 03:45:09,803: fill_queue() 'Filling wallhaven queue: tilt shift'
INFO: 2017-07-23 03:45:09,804: search() 'Performing wallhaven search: url=http://alpha.wallhaven.cc/search?q=tilt%20shift&categories=111&purity=100&sorting=favorites&order=desc'
INFO: 2017-07-23 03:45:09,870: regular_change_thread() 'regular_change changes wallpaper'
INFO: 2017-07-23 03:45:09,870: set_wallpaper() 'Calling set_wallpaper with /usr/share/backgrounds/passion_flower_by_Irene_Gr.jpg'
INFO: 2017-07-23 03:45:09,870: prepare_thread() 'Prepared buffer contains 13 images'
INFO: 2017-07-23 03:45:09,871: do_set_wp() 'Calling do_set_wp with /usr/share/backgrounds/passion_flower_by_Irene_Gr.jpg, time: 1500761709.87'
INFO: 2017-07-23 03:45:09,885: update_indicator() 'Setting file info to: /usr/share/backgrounds/passion_flower_by_Irene_Gr.jpg'
INFO: 2017-07-23 03:45:12,641: fill_queue() '343 wallpapers in result, using page 12'
INFO: 2017-07-23 03:45:12,642: search() 'Performing wallhaven search: url=http://alpha.wallhaven.cc/search?q=tilt%20shift&categories=111&purity=100&sorting=favorites&order=desc&page=12'
INFO: 2017-07-23 03:45:14,279: fill_queue() 'Wallhaven queue populated with 12 URLs'
INFO: 2017-07-23 03:45:14,280: download_one() 'Wallpaper URL: https://alpha.wallhaven.cc/wallpaper/302127'
INFO: 2017-07-23 03:45:14,949: download_one() 'Image src URL: //wallpapers.wallhaven.cc/wallpapers/full/wallhaven-302127.jpg'
INFO: 2017-07-23 03:45:14,959: save_locally() 'Origin URL: https://alpha.wallhaven.cc/wallpaper/302127'
INFO: 2017-07-23 03:45:14,959: save_locally() 'Image URL: //wallpapers.wallhaven.cc/wallpapers/full/wallhaven-302127.jpg'
INFO: 2017-07-23 03:45:14,964: save_locally() 'Local name: /home/nascarsayan/.config/variety/Downloaded/wallhaven_tilt_shift/wallhaven-302127.jpg'
INFO: 2017-07-23 03:45:17,518: save_locally() 'Download complete'
INFO: 2017-07-23 03:45:17,519: update_indicator() 'Setting file info to: /usr/share/backgrounds/passion_flower_by_Irene_Gr.jpg'
INFO: 2017-07-23 03:45:17,520: download_one_from() 'Adding downloaded file /home/nascarsayan/.config/variety/Downloaded/wallhaven_tilt_shift/wallhaven-302127.jpg to prepared_from_downloads queue'
INFO: 2017-07-23 03:50:09,958: regular_change_thread() 'regular_change changes wallpaper'
INFO: 2017-07-23 03:50:09,959: set_wallpaper() 'Calling set_wallpaper with /home/nascarsayan/.config/variety/Downloaded/wallhaven_tilt_shift/wallhaven-302127.jpg'
INFO: 2017-07-23 03:50:09,959: prepare_thread() 'Prepared buffer contains 13 images'
INFO: 2017-07-23 03:50:09,959: do_set_wp() 'Calling do_set_wp with /home/nascarsayan/.config/variety/Downloaded/wallhaven_tilt_shift/wallhaven-302127.jpg, time: 1500762009.96'
INFO: 2017-07-23 03:50:09,973: update_indicator() 'Setting file info to: /home/nascarsayan/.config/variety/Downloaded/wallhaven_tilt_shift/wallhaven-302127.jpg'
INFO: 2017-07-23 03:55:09,801: parse_server_options() 'Wallhaven.cc: parsing serverside options'
INFO: 2017-07-23 03:55:09,802: parse_server_options() 'Wallhaven.cc serverside options: {u'min_fill_queue_interval': 1800, u'min_download_interval': 1800}'
INFO: 2017-07-23 03:55:09,802: download_one() 'Minimal interval between Wallhaven downloads is 1800, skip this attempt'
INFO: 2017-07-23 03:55:10,057: regular_change_thread() 'regular_change changes wallpaper'
INFO: 2017-07-23 03:55:10,058: set_wallpaper() 'Calling set_wallpaper with /usr/share/backgrounds/clock_by_Bernhard_Hanakam.jpg'
INFO: 2017-07-23 03:55:10,058: prepare_thread() 'Prepared buffer contains 12 images'
INFO: 2017-07-23 03:55:10,059: do_set_wp() 'Calling do_set_wp with /usr/share/backgrounds/clock_by_Bernhard_Hanakam.jpg, time: 1500762310.06'
INFO: 2017-07-23 03:55:10,072: update_indicator() 'Setting file info to: /usr/share/backgrounds/clock_by_Bernhard_Hanakam.jpg'
INFO: 2017-07-23 04:00:10,142: regular_change_thread() 'regular_change changes wallpaper'
INFO: 2017-07-23 04:00:10,143: set_wallpaper() 'Calling set_wallpaper with /usr/share/backgrounds/Cielo_estrellado_by_Eduardo_Diez_Viñuela.jpg'
INFO: 2017-07-23 04:00:10,143: prepare_thread() 'Prepared buffer contains 11 images'
INFO: 2017-07-23 04:00:10,144: do_set_wp() 'Calling do_set_wp with /usr/share/backgrounds/Cielo_estrellado_by_Eduardo_Diez_Viñuela.jpg, time: 1500762610.14'
INFO: 2017-07-23 04:00:10,157: update_indicator() 'Setting file info to: /usr/share/backgrounds/Cielo_estrellado_by_Eduardo_Diez_Viñuela.jpg'
INFO: 2017-07-23 04:05:09,802: parse_server_options() 'Wallhaven.cc: parsing serverside options'
INFO: 2017-07-23 04:05:09,802: parse_server_options() 'Wallhaven.cc serverside options: {u'min_fill_queue_interval': 1800, u'min_download_interval': 1800}'
INFO: 2017-07-23 04:05:09,802: download_one() 'Minimal interval between Wallhaven downloads is 1800, skip this attempt'
INFO: 2017-07-23 04:05:10,230: regular_change_thread() 'regular_change changes wallpaper'
INFO: 2017-07-23 04:05:10,231: set_wallpaper() 'Calling set_wallpaper with /usr/share/backgrounds/Black_hole_by_Marek_Koteluk.jpg'
INFO: 2017-07-23 04:05:10,231: prepare_thread() 'Prepared buffer contains 10 images'
INFO: 2017-07-23 04:05:10,231: do_set_wp() 'Calling do_set_wp with /usr/share/backgrounds/Black_hole_by_Marek_Koteluk.jpg, time: 1500762910.23'
INFO: 2017-07-23 04:05:10,244: update_indicator() 'Setting file info to: /usr/share/backgrounds/Black_hole_by_Marek_Koteluk.jpg'
INFO: 2017-07-23 04:10:10,313: regular_change_thread() 'regular_change changes wallpaper'
INFO: 2017-07-23 04:10:10,313: prepare_thread() 'Prepared buffer contains 9 images'
INFO: 2017-07-23 04:10:10,313: set_wallpaper() 'Calling set_wallpaper with /usr/share/backgrounds/Dans_ma_bulle_by_Christophe_Weibel.jpg'
INFO: 2017-07-23 04:10:10,314: do_set_wp() 'Calling do_set_wp with /usr/share/backgrounds/Dans_ma_bulle_by_Christophe_Weibel.jpg, time: 1500763210.31'
INFO: 2017-07-23 04:10:10,349: update_indicator() 'Setting file info to: /usr/share/backgrounds/Dans_ma_bulle_by_Christophe_Weibel.jpg'
INFO: 2017-07-23 04:15:09,802: parse_server_options() 'Wallhaven.cc: parsing serverside options'
INFO: 2017-07-23 04:15:09,802: parse_server_options() 'Wallhaven.cc serverside options: {u'min_fill_queue_interval': 1800, u'min_download_interval': 1800}'
INFO: 2017-07-23 04:15:09,802: download_one() 'Minimal interval between Wallhaven downloads is 1800, skip this attempt'
INFO: 2017-07-23 04:15:10,429: regular_change_thread() 'regular_change changes wallpaper'
INFO: 2017-07-23 04:15:10,429: set_wallpaper() 'Calling set_wallpaper with /usr/share/backgrounds/160218-deux-two_by_Pierre_Cante.jpg'
INFO: 2017-07-23 04:15:10,429: prepare_thread() 'Prepared buffer contains 8 images'
INFO: 2017-07-23 04:15:10,430: do_set_wp() 'Calling do_set_wp with /usr/share/backgrounds/160218-deux-two_by_Pierre_Cante.jpg, time: 1500763510.43'
INFO: 2017-07-23 04:15:10,454: update_indicator() 'Setting file info to: /usr/share/backgrounds/160218-deux-two_by_Pierre_Cante.jpg'
INFO: 2017-07-23 04:20:10,520: regular_change_thread() 'regular_change changes wallpaper'
INFO: 2017-07-23 04:20:10,522: set_wallpaper() 'Calling set_wallpaper with /home/nascarsayan/.config/variety/Downloaded/wallhaven_cityscape/wallhaven-29121.jpg'
INFO: 2017-07-23 04:20:10,522: prepare_thread() 'Prepared buffer contains 7 images'
INFO: 2017-07-23 04:20:10,523: do_set_wp() 'Calling do_set_wp with /home/nascarsayan/.config/variety/Downloaded/wallhaven_cityscape/wallhaven-29121.jpg, time: 1500763810.52'
INFO: 2017-07-23 04:20:10,523: prepare_thread() 'Preparing some images'
INFO: 2017-07-23 04:20:10,553: update_indicator() 'Setting file info to: /home/nascarsayan/.config/variety/Downloaded/wallhaven_cityscape/wallhaven-29121.jpg'
INFO: 2017-07-23 04:20:10,561: prepare_thread() 'After search prepared buffer contains 16 images'
INFO: 2017-07-23 04:25:09,802: parse_server_options() 'Wallhaven.cc: parsing serverside options'
INFO: 2017-07-23 04:25:09,802: parse_server_options() 'Wallhaven.cc serverside options: {u'min_fill_queue_interval': 1800, u'min_download_interval': 1800}'
INFO: 2017-07-23 04:25:09,803: download_one() 'Downloading an image from Wallhaven.cc, leaves'
INFO: 2017-07-23 04:25:09,803: download_one() 'Queue size: 0'
INFO: 2017-07-23 04:25:09,803: fill_queue() 'Filling wallhaven queue: leaves'
INFO: 2017-07-23 04:25:09,803: search() 'Performing wallhaven search: url=http://alpha.wallhaven.cc/search?q=leaves&categories=111&purity=100&sorting=favorites&order=desc'
INFO: 2017-07-23 04:25:10,642: regular_change_thread() 'regular_change changes wallpaper'
INFO: 2017-07-23 04:25:10,642: set_wallpaper() 'Calling set_wallpaper with /usr/share/backgrounds/TCP118v1_by_Tiziano_Consonni.jpg'
INFO: 2017-07-23 04:25:10,643: prepare_thread() 'Prepared buffer contains 15 images'
INFO: 2017-07-23 04:25:10,643: do_set_wp() 'Calling do_set_wp with /usr/share/backgrounds/TCP118v1_by_Tiziano_Consonni.jpg, time: 1500764110.64'
INFO: 2017-07-23 04:25:10,668: update_indicator() 'Setting file info to: /usr/share/backgrounds/TCP118v1_by_Tiziano_Consonni.jpg'
INFO: 2017-07-23 04:25:13,561: fill_queue() '300 wallpapers in result, using page 7'
INFO: 2017-07-23 04:25:13,561: search() 'Performing wallhaven search: url=http://alpha.wallhaven.cc/search?q=leaves&categories=111&purity=100&sorting=favorites&order=desc&page=7'
INFO: 2017-07-23 04:25:16,098: fill_queue() 'Wallhaven queue populated with 12 URLs'
INFO: 2017-07-23 04:25:16,099: download_one() 'Wallpaper URL: https://alpha.wallhaven.cc/wallpaper/301766'
INFO: 2017-07-23 04:25:17,340: download_one() 'Image src URL: //wallpapers.wallhaven.cc/wallpapers/full/wallhaven-301766.jpg'
INFO: 2017-07-23 04:25:17,350: save_locally() 'Origin URL: https://alpha.wallhaven.cc/wallpaper/301766'
INFO: 2017-07-23 04:25:17,350: save_locally() 'Image URL: //wallpapers.wallhaven.cc/wallpapers/full/wallhaven-301766.jpg'
INFO: 2017-07-23 04:25:17,350: save_locally() 'Local name: /home/nascarsayan/.config/variety/Downloaded/wallhaven_leaves/wallhaven-301766.jpg'
INFO: 2017-07-23 04:25:21,066: save_locally() 'Download complete'
INFO: 2017-07-23 04:25:21,067: update_indicator() 'Setting file info to: /usr/share/backgrounds/TCP118v1_by_Tiziano_Consonni.jpg'
INFO: 2017-07-23 04:25:21,071: download_one_from() 'Adding downloaded file /home/nascarsayan/.config/variety/Downloaded/wallhaven_leaves/wallhaven-301766.jpg to prepared_from_downloads queue'
INFO: 2017-07-23 04:30:10,744: regular_change_thread() 'regular_change changes wallpaper'
INFO: 2017-07-23 04:30:10,744: set_wallpaper() 'Calling set_wallpaper with /home/nascarsayan/.config/variety/Downloaded/wallhaven_leaves/wallhaven-301766.jpg'
INFO: 2017-07-23 04:30:10,744: prepare_thread() 'Prepared buffer contains 15 images'
INFO: 2017-07-23 04:30:10,745: do_set_wp() 'Calling do_set_wp with /home/nascarsayan/.config/variety/Downloaded/wallhaven_leaves/wallhaven-301766.jpg, time: 1500764410.75'
INFO: 2017-07-23 04:30:10,758: update_indicator() 'Setting file info to: /home/nascarsayan/.config/variety/Downloaded/wallhaven_leaves/wallhaven-301766.jpg'
INFO: 2017-07-23 04:35:09,805: parse_server_options() 'Wallhaven.cc: parsing serverside options'
INFO: 2017-07-23 04:35:09,805: parse_server_options() 'Wallhaven.cc serverside options: {u'min_fill_queue_interval': 1800, u'min_download_interval': 1800}'
INFO: 2017-07-23 04:35:09,805: download_one() 'Minimal interval between Wallhaven downloads is 1800, skip this attempt'
INFO: 2017-07-23 04:35:10,830: regular_change_thread() 'regular_change changes wallpaper'
INFO: 2017-07-23 04:35:10,831: set_wallpaper() 'Calling set_wallpaper with /usr/share/backgrounds/Flora_by_Marek_Koteluk.jpg'
INFO: 2017-07-23 04:35:10,831: prepare_thread() 'Prepared buffer contains 14 images'
INFO: 2017-07-23 04:35:10,832: do_set_wp() 'Calling do_set_wp with /usr/share/backgrounds/Flora_by_Marek_Koteluk.jpg, time: 1500764710.83'
INFO: 2017-07-23 04:35:10,849: update_indicator() 'Setting file info to: /usr/share/backgrounds/Flora_by_Marek_Koteluk.jpg'
