#! /usr/bin/vvp
:ivl_version "0.9.7 " "(v0_9_7)";
:vpi_time_precision + 0;
:vpi_module "system";
:vpi_module "v2005_math";
:vpi_module "va_math";
S_0x1187180 .scope module, "main" "main" 2 6;
 .timescale 0 0;
S_0x1187270 .scope module, "simpleand" "simpleand" 2 1;
 .timescale 0 0;
L_0x11c8090 .functor AND 1, C4<z>, C4<z>, C4<1>, C4<1>;
v0x1185ec0_0 .net "f", 0 0, L_0x11c8090; 1 drivers
v0x11c7f50_0 .net "x", 0 0, C4<z>; 0 drivers
v0x11c7ff0_0 .net "y", 0 0, C4<z>; 0 drivers
    .scope S_0x1187180;
T_0 ;
    %vpi_call 2 9 "$display", "Hello, World";
    %vpi_call 2 10 "$finish";
    %end;
    .thread T_0;
# The file index is used to find the file name in the following table.
:file_names 3;
    "N/A";
    "<interactive>";
    "hello.v";
